<?xml version="1.0" encoding="UTF-8"?>
<testsuite xmlns:xsi="http://www.w3.org/2001/XMLSchema-instance" xsi:noNamespaceSchemaLocation="https://maven.apache.org/surefire/maven-surefire-plugin/xsd/surefire-test-report.xsd" version="3.0.2" name="edu.school21.numbers.NumberWorkerTest" time="0.206" tests="25" errors="0" skipped="0" failures="0">
  <properties>
    <property name="sun.desktop" value="gnome"/>
    <property name="awt.toolkit" value="sun.awt.X11.XToolkit"/>
    <property name="file.encoding.pkg" value="sun.io"/>
    <property name="java.specification.version" value="1.8"/>
    <property name="sun.cpu.isalist" value=""/>
    <property name="sun.jnu.encoding" value="UTF-8"/>
    <property name="java.class.path" value="/home/babaka/wspace/java/Java_Bootcamp.Day06-1/src/ex03/Tests/target/test-classes:/home/babaka/wspace/java/Java_Bootcamp.Day06-1/src/ex03/Tests/target/classes:/home/babaka/.m2/repository/org/junit/jupiter/junit-jupiter-api/5.11.0-M2/junit-jupiter-api-5.11.0-M2.jar:/home/babaka/.m2/repository/org/opentest4j/opentest4j/1.3.0/opentest4j-1.3.0.jar:/home/babaka/.m2/repository/org/junit/platform/junit-platform-commons/1.11.0-M2/junit-platform-commons-1.11.0-M2.jar:/home/babaka/.m2/repository/org/apiguardian/apiguardian-api/1.1.2/apiguardian-api-1.1.2.jar:/home/babaka/.m2/repository/org/junit/jupiter/junit-jupiter-engine/5.11.0-M2/junit-jupiter-engine-5.11.0-M2.jar:/home/babaka/.m2/repository/org/junit/platform/junit-platform-engine/1.11.0-M2/junit-platform-engine-1.11.0-M2.jar:/home/babaka/.m2/repository/org/junit/jupiter/junit-jupiter-params/5.11.0-M2/junit-jupiter-params-5.11.0-M2.jar:/home/babaka/.m2/repository/org/springframework/spring-jdbc/5.3.37/spring-jdbc-5.3.37.jar:/home/babaka/.m2/repository/org/springframework/spring-beans/5.3.37/spring-beans-5.3.37.jar:/home/babaka/.m2/repository/org/springframework/spring-core/5.3.37/spring-core-5.3.37.jar:/home/babaka/.m2/repository/org/springframework/spring-jcl/5.3.37/spring-jcl-5.3.37.jar:/home/babaka/.m2/repository/org/springframework/spring-tx/5.3.37/spring-tx-5.3.37.jar:/home/babaka/.m2/repository/org/hsqldb/hsqldb/2.4.1/hsqldb-2.4.1.jar:/home/babaka/.m2/repository/org/mockito/mockito-core/4.11.0/mockito-core-4.11.0.jar:/home/babaka/.m2/repository/net/bytebuddy/byte-buddy/1.12.19/byte-buddy-1.12.19.jar:/home/babaka/.m2/repository/net/bytebuddy/byte-buddy-agent/1.12.19/byte-buddy-agent-1.12.19.jar:/home/babaka/.m2/repository/org/objenesis/objenesis/3.3/objenesis-3.3.jar:"/>
    <property name="java.vm.vendor" value="Private Build"/>
    <property name="sun.arch.data.model" value="64"/>
    <property name="java.vendor.url" value="http://java.oracle.com/"/>
    <property name="user.timezone" value=""/>
    <property name="java.vm.specification.version" value="1.8"/>
    <property name="os.name" value="Linux"/>
    <property name="user.country" value="GB"/>
    <property name="sun.java.launcher" value="SUN_STANDARD"/>
    <property name="sun.boot.library.path" value="/usr/lib/jvm/java-8-openjdk-amd64/jre/lib/amd64"/>
    <property name="sun.java.command" value="/home/babaka/wspace/java/Java_Bootcamp.Day06-1/src/ex03/Tests/target/surefire/surefirebooter-20240727165434517_3.jar /home/babaka/wspace/java/Java_Bootcamp.Day06-1/src/ex03/Tests/target/surefire 2024-07-27T16-54-34_373-jvmRun1 surefire-20240727165434517_1tmp surefire_0-20240727165434517_2tmp"/>
    <property name="surefire.test.class.path" value="/home/babaka/wspace/java/Java_Bootcamp.Day06-1/src/ex03/Tests/target/test-classes:/home/babaka/wspace/java/Java_Bootcamp.Day06-1/src/ex03/Tests/target/classes:/home/babaka/.m2/repository/org/junit/jupiter/junit-jupiter-api/5.11.0-M2/junit-jupiter-api-5.11.0-M2.jar:/home/babaka/.m2/repository/org/opentest4j/opentest4j/1.3.0/opentest4j-1.3.0.jar:/home/babaka/.m2/repository/org/junit/platform/junit-platform-commons/1.11.0-M2/junit-platform-commons-1.11.0-M2.jar:/home/babaka/.m2/repository/org/apiguardian/apiguardian-api/1.1.2/apiguardian-api-1.1.2.jar:/home/babaka/.m2/repository/org/junit/jupiter/junit-jupiter-engine/5.11.0-M2/junit-jupiter-engine-5.11.0-M2.jar:/home/babaka/.m2/repository/org/junit/platform/junit-platform-engine/1.11.0-M2/junit-platform-engine-1.11.0-M2.jar:/home/babaka/.m2/repository/org/junit/jupiter/junit-jupiter-params/5.11.0-M2/junit-jupiter-params-5.11.0-M2.jar:/home/babaka/.m2/repository/org/springframework/spring-jdbc/5.3.37/spring-jdbc-5.3.37.jar:/home/babaka/.m2/repository/org/springframework/spring-beans/5.3.37/spring-beans-5.3.37.jar:/home/babaka/.m2/repository/org/springframework/spring-core/5.3.37/spring-core-5.3.37.jar:/home/babaka/.m2/repository/org/springframework/spring-jcl/5.3.37/spring-jcl-5.3.37.jar:/home/babaka/.m2/repository/org/springframework/spring-tx/5.3.37/spring-tx-5.3.37.jar:/home/babaka/.m2/repository/org/hsqldb/hsqldb/2.4.1/hsqldb-2.4.1.jar:/home/babaka/.m2/repository/org/mockito/mockito-core/4.11.0/mockito-core-4.11.0.jar:/home/babaka/.m2/repository/net/bytebuddy/byte-buddy/1.12.19/byte-buddy-1.12.19.jar:/home/babaka/.m2/repository/net/bytebuddy/byte-buddy-agent/1.12.19/byte-buddy-agent-1.12.19.jar:/home/babaka/.m2/repository/org/objenesis/objenesis/3.3/objenesis-3.3.jar:"/>
    <property name="sun.cpu.endian" value="little"/>
    <property name="user.home" value="/home/babaka"/>
    <property name="user.language" value="en"/>
    <property name="java.specification.vendor" value="Oracle Corporation"/>
    <property name="java.home" value="/usr/lib/jvm/java-8-openjdk-amd64/jre"/>
    <property name="basedir" value="/home/babaka/wspace/java/Java_Bootcamp.Day06-1/src/ex03/Tests"/>
    <property name="file.separator" value="/"/>
    <property name="line.separator" value="&#10;"/>
    <property name="java.vm.specification.vendor" value="Oracle Corporation"/>
    <property name="java.specification.name" value="Java Platform API Specification"/>
    <property name="java.awt.graphicsenv" value="sun.awt.X11GraphicsEnvironment"/>
    <property name="surefire.real.class.path" value="/home/babaka/wspace/java/Java_Bootcamp.Day06-1/src/ex03/Tests/target/surefire/surefirebooter-20240727165434517_3.jar"/>
    <property name="sun.boot.class.path" value="/usr/lib/jvm/java-8-openjdk-amd64/jre/lib/resources.jar:/usr/lib/jvm/java-8-openjdk-amd64/jre/lib/rt.jar:/usr/lib/jvm/java-8-openjdk-amd64/jre/lib/sunrsasign.jar:/usr/lib/jvm/java-8-openjdk-amd64/jre/lib/jsse.jar:/usr/lib/jvm/java-8-openjdk-amd64/jre/lib/jce.jar:/usr/lib/jvm/java-8-openjdk-amd64/jre/lib/charsets.jar:/usr/lib/jvm/java-8-openjdk-amd64/jre/lib/jfr.jar:/usr/lib/jvm/java-8-openjdk-amd64/jre/classes"/>
    <property name="sun.management.compiler" value="HotSpot 64-Bit Tiered Compilers"/>
    <property name="java.runtime.version" value="1.8.0_412-8u412-ga-1~22.04.1-b08"/>
    <property name="user.name" value="babaka"/>
    <property name="path.separator" value=":"/>
    <property name="os.version" value="6.5.0-44-generic"/>
    <property name="java.endorsed.dirs" value="/usr/lib/jvm/java-8-openjdk-amd64/jre/lib/endorsed"/>
    <property name="java.runtime.name" value="OpenJDK Runtime Environment"/>
    <property name="file.encoding" value="UTF-8"/>
    <property name="java.vm.name" value="OpenJDK 64-Bit Server VM"/>
    <property name="localRepository" value="/home/babaka/.m2/repository"/>
    <property name="java.vendor.url.bug" value="http://bugreport.sun.com/bugreport/"/>
    <property name="java.io.tmpdir" value="/tmp"/>
    <property name="java.version" value="1.8.0_412"/>
    <property name="user.dir" value="/home/babaka/wspace/java/Java_Bootcamp.Day06-1/src/ex03/Tests"/>
    <property name="os.arch" value="amd64"/>
    <property name="java.vm.specification.name" value="Java Virtual Machine Specification"/>
    <property name="java.awt.printerjob" value="sun.print.PSPrinterJob"/>
    <property name="sun.os.patch.level" value="unknown"/>
    <property name="java.library.path" value="/usr/java/packages/lib/amd64:/usr/lib/x86_64-linux-gnu/jni:/lib/x86_64-linux-gnu:/usr/lib/x86_64-linux-gnu:/usr/lib/jni:/lib:/usr/lib"/>
    <property name="java.vm.info" value="mixed mode"/>
    <property name="java.vendor" value="Private Build"/>
    <property name="java.vm.version" value="25.412-b08"/>
    <property name="java.specification.maintenance.version" value="5"/>
    <property name="java.ext.dirs" value="/usr/lib/jvm/java-8-openjdk-amd64/jre/lib/ext:/usr/java/packages/lib/ext"/>
    <property name="sun.io.unicode.encoding" value="UnicodeLittle"/>
    <property name="java.class.version" value="52.0"/>
  </properties>
  <testcase name="testDigitsSum_WithCvsFile(int, int)[1]" classname="edu.school21.numbers.NumberWorkerTest" time="0.041"/>
  <testcase name="testDigitsSum_WithCvsFile(int, int)[2]" classname="edu.school21.numbers.NumberWorkerTest" time="0.002"/>
  <testcase name="testDigitsSum_WithCvsFile(int, int)[3]" classname="edu.school21.numbers.NumberWorkerTest" time="0.002"/>
  <testcase name="testDigitsSum_WithCvsFile(int, int)[4]" classname="edu.school21.numbers.NumberWorkerTest" time="0.001"/>
  <testcase name="testDigitsSum_WithCvsFile(int, int)[5]" classname="edu.school21.numbers.NumberWorkerTest" time="0.001"/>
  <testcase name="testDigitsSum_WithCvsFile(int, int)[6]" classname="edu.school21.numbers.NumberWorkerTest" time="0.001"/>
  <testcase name="testDigitsSum_WithCvsFile(int, int)[7]" classname="edu.school21.numbers.NumberWorkerTest" time="0.001"/>
  <testcase name="testDigitsSum_WithCvsFile(int, int)[8]" classname="edu.school21.numbers.NumberWorkerTest" time="0.001"/>
  <testcase name="testDigitsSum_WithCvsFile(int, int)[9]" classname="edu.school21.numbers.NumberWorkerTest" time="0.001"/>
  <testcase name="testDigitsSum_WithCvsFile(int, int)[10]" classname="edu.school21.numbers.NumberWorkerTest" time="0.001"/>
  <testcase name="testIsPrime_WithCompositeNumbers_RerurnsFalse(int)[1]" classname="edu.school21.numbers.NumberWorkerTest" time="0.002"/>
  <testcase name="testIsPrime_WithCompositeNumbers_RerurnsFalse(int)[2]" classname="edu.school21.numbers.NumberWorkerTest" time="0.001"/>
  <testcase name="testIsPrime_WithCompositeNumbers_RerurnsFalse(int)[3]" classname="edu.school21.numbers.NumberWorkerTest" time="0.001"/>
  <testcase name="testIsPrime_WithCompositeNumbers_RerurnsFalse(int)[4]" classname="edu.school21.numbers.NumberWorkerTest" time="0.001"/>
  <testcase name="testIsPrime_WithCompositeNumbers_RerurnsFalse(int)[5]" classname="edu.school21.numbers.NumberWorkerTest" time="0.001"/>
  <testcase name="testIsPrime_WithPrimeNumbers_RerurnsTrue(int)[1]" classname="edu.school21.numbers.NumberWorkerTest" time="0.003"/>
  <testcase name="testIsPrime_WithPrimeNumbers_RerurnsTrue(int)[2]" classname="edu.school21.numbers.NumberWorkerTest" time="0.001"/>
  <testcase name="testIsPrime_WithPrimeNumbers_RerurnsTrue(int)[3]" classname="edu.school21.numbers.NumberWorkerTest" time="0.001"/>
  <testcase name="testIsPrime_WithPrimeNumbers_RerurnsTrue(int)[4]" classname="edu.school21.numbers.NumberWorkerTest" time="0.001"/>
  <testcase name="testIsPrime_WithPrimeNumbers_RerurnsTrue(int)[5]" classname="edu.school21.numbers.NumberWorkerTest" time="0.002"/>
  <testcase name="testIsPrime_WithIllegalNumbers_ThrowsIllegalNumberException(int)[1]" classname="edu.school21.numbers.NumberWorkerTest" time="0.003"/>
  <testcase name="testIsPrime_WithIllegalNumbers_ThrowsIllegalNumberException(int)[2]" classname="edu.school21.numbers.NumberWorkerTest" time="0.002"/>
  <testcase name="testIsPrime_WithIllegalNumbers_ThrowsIllegalNumberException(int)[3]" classname="edu.school21.numbers.NumberWorkerTest" time="0.002"/>
  <testcase name="testIsPrime_WithIllegalNumbers_ThrowsIllegalNumberException(int)[4]" classname="edu.school21.numbers.NumberWorkerTest" time="0.001"/>
  <testcase name="testIsPrime_WithIllegalNumbers_ThrowsIllegalNumberException(int)[5]" classname="edu.school21.numbers.NumberWorkerTest" time="0.001"/>
</testsuite>